<?xml version="1.0" encoding="UTF-8"?>
<!-- Generated by org.testng.reporters.JUnitReportReporter -->
<testsuite hostname="INSML-DT4GTXQ9JQ" failures="0" tests="2" name="Sowkath.SeleniumFrameworkDesign.ErrorHandling" time="8.944" errors="0" timestamp="2025-10-02T14:19:18 IST" skipped="0">
  <testcase classname="Sowkath.SeleniumFrameworkDesign.ErrorHandling" name="submitorder" time="2.765"/>
  <testcase classname="Sowkath.SeleniumFrameworkDesign.ErrorHandling" name="productErrorValidation" time="6.179"/>
</testsuite> <!-- Sowkath.SeleniumFrameworkDesign.ErrorHandling -->
