<?xml version="1.0" encoding="UTF-8"?>
<!-- Generated by org.testng.reporters.JUnitReportReporter -->
<testsuite hostname="INSML-DT4GTXQ9JQ" failures="0" tests="1" name="Sowkath.SeleniumFrameworkDesign.StandAloneTestcase" time="11.861" errors="0" timestamp="2025-10-02T14:19:18 IST" skipped="0">
  <testcase classname="Sowkath.SeleniumFrameworkDesign.StandAloneTestcase" name="submitorder" time="11.861"/>
</testsuite> <!-- Sowkath.SeleniumFrameworkDesign.StandAloneTestcase -->
