<?xml version="1.0" encoding="UTF-8"?>
<!-- Generated by org.testng.reporters.JUnitReportReporter -->
<testsuite hostname="INSML-DT4GTXQ9JQ" failures="0" tests="2" name="Sowkath.SeleniumFrameworkDesign.ErrorHandling" time="5.408" errors="0" timestamp="2025-10-01T12:51:54 IST" skipped="0">
  <testcase classname="Sowkath.SeleniumFrameworkDesign.ErrorHandling" name="submitorder" time="1.348"/>
  <testcase classname="Sowkath.SeleniumFrameworkDesign.ErrorHandling" name="productErrorValidation" time="4.060"/>
</testsuite> <!-- Sowkath.SeleniumFrameworkDesign.ErrorHandling -->
